c:\projects\consolesnake\snakegame\debug\vc141.pdb
c:\projects\consolesnake\snakegame\debug\vc141.idb
c:\projects\consolesnake\snakegame\debug\snaketail.obj
c:\projects\consolesnake\snakegame\debug\snakegame.obj
c:\projects\consolesnake\snakegame\debug\snake.obj
c:\projects\consolesnake\snakegame\debug\map.obj
c:\projects\consolesnake\snakegame\debug\input.obj
c:\projects\consolesnake\snakegame\debug\consolesetting.obj
c:\projects\consolesnake\snakegame\debug\fruit.obj
c:\projects\consolesnake\snakegame\debug\snakegame.pch
c:\projects\consolesnake\snakegame\debug\pch.obj
c:\projects\consolesnake\snakegame\debug\position.obj
c:\projects\consolesnake\snakegame\debug\snakegame.exe
c:\projects\consolesnake\snakegame\debug\snakegame.ilk
c:\projects\consolesnake\snakegame\debug\snakegame.pdb
c:\projects\consolesnake\snakegame\debug\map.obj.enc
c:\projects\consolesnake\snakegame\debug\snakegame.tlog\cl.command.1.tlog
c:\projects\consolesnake\snakegame\debug\snakegame.tlog\cl.read.1.tlog
c:\projects\consolesnake\snakegame\debug\snakegame.tlog\cl.write.1.tlog
c:\projects\consolesnake\snakegame\debug\snakegame.tlog\link.command.1.tlog
c:\projects\consolesnake\snakegame\debug\snakegame.tlog\link.read.1.tlog
c:\projects\consolesnake\snakegame\debug\snakegame.tlog\link.write.1.tlog
